<?xml version="1.0" encoding="UTF-8"?>
<testng-results skipped="0" failed="0" total="1" passed="1">
  <reporter-output>
  </reporter-output>
  <suite name="Default suite" duration-ms="37687" started-at="2019-04-03T07:39:10Z" finished-at="2019-04-03T07:39:47Z">
    <groups>
    </groups>
    <test name="Default test" duration-ms="37687" started-at="2019-04-03T07:39:10Z" finished-at="2019-04-03T07:39:47Z">
      <class name="mobileweb.WhatsAppTest">
        <test-method status="PASS" signature="beforSetup()[pri:0, instance:mobileweb.WhatsAppTest@192c3f1e]" name="beforSetup" is-config="true" duration-ms="9570" started-at="2019-04-03T13:09:10Z" finished-at="2019-04-03T13:09:19Z">
          <reporter-output>
          </reporter-output>
        </test-method> <!-- beforSetup -->
        <test-method status="PASS" signature="accountCreationTest()[pri:0, instance:mobileweb.WhatsAppTest@192c3f1e]" name="accountCreationTest" duration-ms="24947" started-at="2019-04-03T13:09:19Z" description="Whats app testcase" finished-at="2019-04-03T13:09:44Z">
          <reporter-output>
          </reporter-output>
        </test-method> <!-- accountCreationTest -->
        <test-method status="PASS" signature="teardown()[pri:0, instance:mobileweb.WhatsAppTest@192c3f1e]" name="teardown" is-config="true" duration-ms="3148" started-at="2019-04-03T13:09:44Z" finished-at="2019-04-03T13:09:47Z">
          <reporter-output>
          </reporter-output>
        </test-method> <!-- teardown -->
      </class> <!-- mobileweb.WhatsAppTest -->
    </test> <!-- Default test -->
  </suite> <!-- Default suite -->
</testng-results>
